[debug] [2025-12-09T02:21:17.184Z] ----------------------------------------------------------------------
[debug] [2025-12-09T02:21:17.186Z] Command:       /Users/johnascott/.nvm/versions/node/v20.19.6/bin/node /Users/johnascott/.nvm/versions/node/v18.20.2/bin/firebase emulators:start --only firestore --import=./emulator-data --export-on-exit=./emulator-data
[debug] [2025-12-09T02:21:17.186Z] CLI Version:   14.27.0
[debug] [2025-12-09T02:21:17.186Z] Platform:      darwin
[debug] [2025-12-09T02:21:17.186Z] Node Version:  v20.19.6
[debug] [2025-12-09T02:21:17.186Z] Time:          Mon Dec 08 2025 22:21:17 GMT-0400 (Atlantic Standard Time)
[debug] [2025-12-09T02:21:17.186Z] ----------------------------------------------------------------------
[debug] 
[debug] [2025-12-09T02:21:17.282Z] Object "" in "firebase.json" has unknown property: {"additionalProperty":"projects"}
[debug] [2025-12-09T02:21:17.285Z] > command requires scopes: ["email","openid","https://www.googleapis.com/auth/cloudplatformprojects.readonly","https://www.googleapis.com/auth/firebase","https://www.googleapis.com/auth/cloud-platform"]
[debug] Failed to authenticate, have you run firebase login?
[warn] ⚠  emulators: You are not currently authenticated so some features may not work correctly. Please run firebase login to authenticate the CLI. 
[debug] [2025-12-09T02:21:17.458Z] java version "19.0.2" 2023-01-17

[debug] [2025-12-09T02:21:17.459Z] Java(TM) SE Runtime Environment (build 19.0.2+7-44)
Java HotSpot(TM) 64-Bit Server VM (build 19.0.2+7-44, mixed mode, sharing)

[debug] [2025-12-09T02:21:17.461Z] Parsed Java major version: 19
[warn] ⬢  emulators: firebase-tools will drop support for Java version < 21 soon in firebase-tools@15. Please install a JDK at version 21 or above to get a compatible runtime. 
[info] i  emulators: Starting emulators: firestore {"metadata":{"emulator":{"name":"hub"},"message":"Starting emulators: firestore"}}
[info] i  emulators: Detected demo project ID "demo-no-project", emulated services will use a demo configuration and attempts to access non-emulated services for this project will fail. {"metadata":{"emulator":{"name":"hub"},"message":"Detected demo project ID \"demo-no-project\", emulated services will use a demo configuration and attempts to access non-emulated services for this project will fail."}}
[debug] [2025-12-09T02:21:17.975Z] [logging] Logging Emulator only supports listening on one address (127.0.0.1). Not listening on ::1
[debug] [2025-12-09T02:21:17.975Z] [firestore] Firestore Emulator only supports listening on one address (127.0.0.1). Not listening on ::1
[debug] [2025-12-09T02:21:17.975Z] [firestore.websocket] websocket server for firestore only supports listening on one address (127.0.0.1). Not listening on ::1
[debug] [2025-12-09T02:21:17.976Z] assigned listening specs for emulators {"user":{"hub":[{"address":"127.0.0.1","family":"IPv4","port":4400},{"address":"::1","family":"IPv6","port":4400}],"ui":[{"address":"127.0.0.1","family":"IPv4","port":4000},{"address":"::1","family":"IPv6","port":4000}],"logging":[{"address":"127.0.0.1","family":"IPv4","port":4500}],"firestore":[{"address":"127.0.0.1","family":"IPv4","port":8080}],"firestore.websocket":[{"address":"127.0.0.1","family":"IPv4","port":9150}]},"metadata":{"message":"assigned listening specs for emulators"}}
[debug] [2025-12-09T02:21:17.977Z] Emulator locator file path: /var/folders/yr/c083k6_s33q40qvrfjhfwknc0000gn/T/hub-demo-no-project.json
[debug] [2025-12-09T02:21:17.978Z] [hub] writing locator at /var/folders/yr/c083k6_s33q40qvrfjhfwknc0000gn/T/hub-demo-no-project.json
[info] i  firestore: downloading cloud-firestore-emulator-v1.19.8.jar... {"metadata":{"emulator":{"name":"firestore"},"message":"downloading cloud-firestore-emulator-v1.19.8.jar..."}}
[debug] [2025-12-09T02:21:17.982Z] >>> [apiv2][query] GET https://storage.googleapis.com/firebase-preview-drop/emulator/cloud-firestore-emulator-v1.19.8.jar 
[debug] [2025-12-09T02:21:18.218Z] <<< [apiv2][status] GET https://storage.googleapis.com/firebase-preview-drop/emulator/cloud-firestore-emulator-v1.19.8.jar 200
[debug] [2025-12-09T02:21:18.218Z] <<< [apiv2][body] GET https://storage.googleapis.com/firebase-preview-drop/emulator/cloud-firestore-emulator-v1.19.8.jar [stream]
[debug] [2025-12-09T02:21:23.122Z] Ignoring unsupported arg: auto_download {"metadata":{"emulator":{"name":"firestore"},"message":"Ignoring unsupported arg: auto_download"}}
[debug] [2025-12-09T02:21:23.122Z] Ignoring unsupported arg: single_project_mode_error {"metadata":{"emulator":{"name":"firestore"},"message":"Ignoring unsupported arg: single_project_mode_error"}}
[debug] [2025-12-09T02:21:23.122Z] Starting Firestore Emulator with command {"binary":"java","args":["-Dgoogle.cloud_firestore.debug_log_level=FINE","-Duser.language=en","-jar","/Users/johnascott/.cache/firebase/emulators/cloud-firestore-emulator-v1.19.8.jar","--host","127.0.0.1","--port",8080,"--websocket_port",9150,"--project_id","demo-no-project","--rules","/Users/johnascott/Desktop/Personal/scribe-backend/firestore.rules","--single_project_mode",true],"optionalArgs":["port","webchannel_port","host","rules","websocket_port","functions_emulator","seed_from_export","project_id","single_project_mode"],"joinArgs":false,"shell":false,"port":8080} {"metadata":{"emulator":{"name":"firestore"},"message":"Starting Firestore Emulator with command {\"binary\":\"java\",\"args\":[\"-Dgoogle.cloud_firestore.debug_log_level=FINE\",\"-Duser.language=en\",\"-jar\",\"/Users/johnascott/.cache/firebase/emulators/cloud-firestore-emulator-v1.19.8.jar\",\"--host\",\"127.0.0.1\",\"--port\",8080,\"--websocket_port\",9150,\"--project_id\",\"demo-no-project\",\"--rules\",\"/Users/johnascott/Desktop/Personal/scribe-backend/firestore.rules\",\"--single_project_mode\",true],\"optionalArgs\":[\"port\",\"webchannel_port\",\"host\",\"rules\",\"websocket_port\",\"functions_emulator\",\"seed_from_export\",\"project_id\",\"single_project_mode\"],\"joinArgs\":false,\"shell\":false,\"port\":8080}"}}
[info] i  firestore: Firestore Emulator logging to firestore-debug.log {"metadata":{"emulator":{"name":"firestore"},"message":"Firestore Emulator logging to \u001b[1mfirestore-debug.log\u001b[22m"}}
[debug] [2025-12-09T02:21:23.838Z] Dec 08, 2025 10:21:23 P.M. com.google.cloud.datastore.emulator.firestore.websocket.WebSocketServer start
INFO: Started WebSocket server on ws://127.0.0.1:9150
 {"metadata":{"emulator":{"name":"firestore"},"message":"Dec 08, 2025 10:21:23 P.M. com.google.cloud.datastore.emulator.firestore.websocket.WebSocketServer start\nINFO: Started WebSocket server on ws://127.0.0.1:9150\n"}}
[debug] [2025-12-09T02:21:23.850Z] API endpoint: http:// {"metadata":{"emulator":{"name":"firestore"},"message":"API endpoint: http://"}}
[debug] [2025-12-09T02:21:23.850Z] 127.0.0.1:8080
If you are using a library that supports the FIRESTORE_EMULATOR_HOST environment variable, run:

   export FIRESTORE_EMULATOR_HOST=127.0.0.1:8080

If you are running a Firestore in Datastore Mode project, run:

   export DATASTORE_EMULATOR_HOST=127.0.0.1:8080

Note: Support for Datastore Mode is in preview. If you encounter any bugs please file at https://github.com/firebase/firebase-tools/issues.
Dev App Server is now running.

 {"metadata":{"emulator":{"name":"firestore"},"message":"127.0.0.1:8080\nIf you are using a library that supports the FIRESTORE_EMULATOR_HOST environment variable, run:\n\n   export FIRESTORE_EMULATOR_HOST=127.0.0.1:8080\n\nIf you are running a Firestore in Datastore Mode project, run:\n\n   export DATASTORE_EMULATOR_HOST=127.0.0.1:8080\n\nNote: Support for Datastore Mode is in preview. If you encounter any bugs please file at https://github.com/firebase/firebase-tools/issues.\nDev App Server is now running.\n\n"}}
[info] ✔  firestore: Firestore Emulator UI websocket is running on 9150. {"metadata":{"emulator":{"name":"firestore"},"message":"Firestore Emulator UI websocket is running on 9150."}}
[info] i  ui: downloading ui-v1.15.0.zip... {"metadata":{"emulator":{"name":"ui"},"message":"downloading ui-v1.15.0.zip..."}}
[debug] [2025-12-09T02:21:23.934Z] >>> [apiv2][query] GET https://storage.googleapis.com/firebase-preview-drop/emulator/ui-v1.15.0.zip 
[debug] [2025-12-09T02:21:24.020Z] <<< [apiv2][status] GET https://storage.googleapis.com/firebase-preview-drop/emulator/ui-v1.15.0.zip 200
[debug] [2025-12-09T02:21:24.020Z] <<< [apiv2][body] GET https://storage.googleapis.com/firebase-preview-drop/emulator/ui-v1.15.0.zip [stream]
[debug] [2025-12-09T02:21:24.250Z] Data is 3538469
[debug] [2025-12-09T02:21:24.250Z] [unzip] Entry: client/ (compressed_size=0 bytes, uncompressed_size=0 bytes)
[debug] [2025-12-09T02:21:24.251Z] [unzip] Processing entry: client/
[debug] [2025-12-09T02:21:24.251Z] [unzip] mkdir: /Users/johnascott/.cache/firebase/emulators/ui-v1.15.0/client/
[debug] [2025-12-09T02:21:24.251Z] [unzip] Entry: client/favicon-16x16.png (compressed_size=293 bytes, uncompressed_size=293 bytes)
[debug] [2025-12-09T02:21:24.251Z] [unzip] Processing entry: client/favicon-16x16.png
[debug] [2025-12-09T02:21:24.251Z] [unzip] else mkdir: /Users/johnascott/.cache/firebase/emulators/ui-v1.15.0/client
[debug] [2025-12-09T02:21:24.251Z] [unzip] Writing file: /Users/johnascott/.cache/firebase/emulators/ui-v1.15.0/client/favicon-16x16.png
[debug] [2025-12-09T02:21:24.252Z] [unzip] Entry: client/safari-pinned-tab.svg (compressed_size=1433 bytes, uncompressed_size=2611 bytes)
[debug] [2025-12-09T02:21:24.252Z] [unzip] Processing entry: client/safari-pinned-tab.svg
[debug] [2025-12-09T02:21:24.252Z] [unzip] else mkdir: /Users/johnascott/.cache/firebase/emulators/ui-v1.15.0/client
[debug] [2025-12-09T02:21:24.252Z] [unzip] deflating: /Users/johnascott/.cache/firebase/emulators/ui-v1.15.0/client/safari-pinned-tab.svg
[debug] [2025-12-09T02:21:24.255Z] [unzip] Entry: client/favicon.ico (compressed_size=2933 bytes, uncompressed_size=13294 bytes)
[debug] [2025-12-09T02:21:24.255Z] [unzip] Processing entry: client/favicon.ico
[debug] [2025-12-09T02:21:24.255Z] [unzip] else mkdir: /Users/johnascott/.cache/firebase/emulators/ui-v1.15.0/client
[debug] [2025-12-09T02:21:24.255Z] [unzip] deflating: /Users/johnascott/.cache/firebase/emulators/ui-v1.15.0/client/favicon.ico
[debug] [2025-12-09T02:21:24.256Z] [unzip] Entry: client/index.html (compressed_size=1364 bytes, uncompressed_size=3071 bytes)
[debug] [2025-12-09T02:21:24.256Z] [unzip] Processing entry: client/index.html
[debug] [2025-12-09T02:21:24.256Z] [unzip] else mkdir: /Users/johnascott/.cache/firebase/emulators/ui-v1.15.0/client
[debug] [2025-12-09T02:21:24.256Z] [unzip] deflating: /Users/johnascott/.cache/firebase/emulators/ui-v1.15.0/client/index.html
[debug] [2025-12-09T02:21:24.257Z] [unzip] Entry: client/android-chrome-192x192.png (compressed_size=2684 bytes, uncompressed_size=2684 bytes)
[debug] [2025-12-09T02:21:24.257Z] [unzip] Processing entry: client/android-chrome-192x192.png
[debug] [2025-12-09T02:21:24.257Z] [unzip] else mkdir: /Users/johnascott/.cache/firebase/emulators/ui-v1.15.0/client
[debug] [2025-12-09T02:21:24.257Z] [unzip] Writing file: /Users/johnascott/.cache/firebase/emulators/ui-v1.15.0/client/android-chrome-192x192.png
[debug] [2025-12-09T02:21:24.257Z] [unzip] Entry: client/apple-touch-icon.png (compressed_size=2123 bytes, uncompressed_size=2152 bytes)
[debug] [2025-12-09T02:21:24.257Z] [unzip] Processing entry: client/apple-touch-icon.png
[debug] [2025-12-09T02:21:24.257Z] [unzip] else mkdir: /Users/johnascott/.cache/firebase/emulators/ui-v1.15.0/client
[debug] [2025-12-09T02:21:24.258Z] [unzip] deflating: /Users/johnascott/.cache/firebase/emulators/ui-v1.15.0/client/apple-touch-icon.png
[debug] [2025-12-09T02:21:24.258Z] [unzip] Entry: client/android-chrome-512x512.png (compressed_size=5369 bytes, uncompressed_size=5411 bytes)
[debug] [2025-12-09T02:21:24.258Z] [unzip] Processing entry: client/android-chrome-512x512.png
[debug] [2025-12-09T02:21:24.258Z] [unzip] else mkdir: /Users/johnascott/.cache/firebase/emulators/ui-v1.15.0/client
[debug] [2025-12-09T02:21:24.258Z] [unzip] deflating: /Users/johnascott/.cache/firebase/emulators/ui-v1.15.0/client/android-chrome-512x512.png
[debug] [2025-12-09T02:21:24.259Z] [unzip] Entry: client/manifest.json (compressed_size=245 bytes, uncompressed_size=551 bytes)
[debug] [2025-12-09T02:21:24.259Z] [unzip] Processing entry: client/manifest.json
[debug] [2025-12-09T02:21:24.259Z] [unzip] else mkdir: /Users/johnascott/.cache/firebase/emulators/ui-v1.15.0/client
[debug] [2025-12-09T02:21:24.259Z] [unzip] deflating: /Users/johnascott/.cache/firebase/emulators/ui-v1.15.0/client/manifest.json
[debug] [2025-12-09T02:21:24.260Z] [unzip] Entry: client/robots.txt (compressed_size=26 bytes, uncompressed_size=26 bytes)
[debug] [2025-12-09T02:21:24.260Z] [unzip] Processing entry: client/robots.txt
[debug] [2025-12-09T02:21:24.260Z] [unzip] else mkdir: /Users/johnascott/.cache/firebase/emulators/ui-v1.15.0/client
[debug] [2025-12-09T02:21:24.260Z] [unzip] Writing file: /Users/johnascott/.cache/firebase/emulators/ui-v1.15.0/client/robots.txt
[debug] [2025-12-09T02:21:24.260Z] [unzip] Entry: client/mstile-150x150.png (compressed_size=2034 bytes, uncompressed_size=2034 bytes)
[debug] [2025-12-09T02:21:24.260Z] [unzip] Processing entry: client/mstile-150x150.png
[debug] [2025-12-09T02:21:24.260Z] [unzip] else mkdir: /Users/johnascott/.cache/firebase/emulators/ui-v1.15.0/client
[debug] [2025-12-09T02:21:24.260Z] [unzip] Writing file: /Users/johnascott/.cache/firebase/emulators/ui-v1.15.0/client/mstile-150x150.png
[debug] [2025-12-09T02:21:24.261Z] [unzip] Entry: client/assets/ (compressed_size=0 bytes, uncompressed_size=0 bytes)
[debug] [2025-12-09T02:21:24.261Z] [unzip] Processing entry: client/assets/
[debug] [2025-12-09T02:21:24.261Z] [unzip] mkdir: /Users/johnascott/.cache/firebase/emulators/ui-v1.15.0/client/assets/
[debug] [2025-12-09T02:21:24.261Z] [unzip] Entry: client/assets/index-BX-A56oj.js (compressed_size=582089 bytes, uncompressed_size=2092775 bytes)
[debug] [2025-12-09T02:21:24.261Z] [unzip] Processing entry: client/assets/index-BX-A56oj.js
[debug] [2025-12-09T02:21:24.261Z] [unzip] else mkdir: /Users/johnascott/.cache/firebase/emulators/ui-v1.15.0/client/assets
[debug] [2025-12-09T02:21:24.261Z] [unzip] deflating: /Users/johnascott/.cache/firebase/emulators/ui-v1.15.0/client/assets/index-BX-A56oj.js
[debug] [2025-12-09T02:21:24.268Z] [unzip] Entry: client/assets/index-CjB9C900.css (compressed_size=35979 bytes, uncompressed_size=298654 bytes)
[debug] [2025-12-09T02:21:24.268Z] [unzip] Processing entry: client/assets/index-CjB9C900.css
[debug] [2025-12-09T02:21:24.268Z] [unzip] else mkdir: /Users/johnascott/.cache/firebase/emulators/ui-v1.15.0/client/assets
[debug] [2025-12-09T02:21:24.268Z] [unzip] deflating: /Users/johnascott/.cache/firebase/emulators/ui-v1.15.0/client/assets/index-CjB9C900.css
[debug] [2025-12-09T02:21:24.270Z] [unzip] Entry: client/assets/index-BX-A56oj.js.map (compressed_size=2362482 bytes, uncompressed_size=10036679 bytes)
[debug] [2025-12-09T02:21:24.270Z] [unzip] Processing entry: client/assets/index-BX-A56oj.js.map
[debug] [2025-12-09T02:21:24.270Z] [unzip] else mkdir: /Users/johnascott/.cache/firebase/emulators/ui-v1.15.0/client/assets
[debug] [2025-12-09T02:21:24.270Z] [unzip] deflating: /Users/johnascott/.cache/firebase/emulators/ui-v1.15.0/client/assets/index-BX-A56oj.js.map
[debug] [2025-12-09T02:21:24.300Z] [unzip] Entry: client/assets/extensions/ (compressed_size=0 bytes, uncompressed_size=0 bytes)
[debug] [2025-12-09T02:21:24.300Z] [unzip] Processing entry: client/assets/extensions/
[debug] [2025-12-09T02:21:24.300Z] [unzip] mkdir: /Users/johnascott/.cache/firebase/emulators/ui-v1.15.0/client/assets/extensions/
[debug] [2025-12-09T02:21:24.300Z] [unzip] Entry: client/assets/extensions/default-extension.png (compressed_size=1646 bytes, uncompressed_size=1657 bytes)
[debug] [2025-12-09T02:21:24.300Z] [unzip] Processing entry: client/assets/extensions/default-extension.png
[debug] [2025-12-09T02:21:24.300Z] [unzip] else mkdir: /Users/johnascott/.cache/firebase/emulators/ui-v1.15.0/client/assets/extensions
[debug] [2025-12-09T02:21:24.300Z] [unzip] deflating: /Users/johnascott/.cache/firebase/emulators/ui-v1.15.0/client/assets/extensions/default-extension.png
[debug] [2025-12-09T02:21:24.300Z] [unzip] Entry: client/assets/img/ (compressed_size=0 bytes, uncompressed_size=0 bytes)
[debug] [2025-12-09T02:21:24.300Z] [unzip] Processing entry: client/assets/img/
[debug] [2025-12-09T02:21:24.300Z] [unzip] mkdir: /Users/johnascott/.cache/firebase/emulators/ui-v1.15.0/client/assets/img/
[debug] [2025-12-09T02:21:24.301Z] [unzip] Entry: client/assets/img/database.png (compressed_size=29449 bytes, uncompressed_size=29988 bytes)
[debug] [2025-12-09T02:21:24.301Z] [unzip] Processing entry: client/assets/img/database.png
[debug] [2025-12-09T02:21:24.301Z] [unzip] else mkdir: /Users/johnascott/.cache/firebase/emulators/ui-v1.15.0/client/assets/img
[debug] [2025-12-09T02:21:24.301Z] [unzip] deflating: /Users/johnascott/.cache/firebase/emulators/ui-v1.15.0/client/assets/img/database.png
[debug] [2025-12-09T02:21:24.301Z] [unzip] Entry: client/assets/provider-icons/ (compressed_size=0 bytes, uncompressed_size=0 bytes)
[debug] [2025-12-09T02:21:24.301Z] [unzip] Processing entry: client/assets/provider-icons/
[debug] [2025-12-09T02:21:24.301Z] [unzip] mkdir: /Users/johnascott/.cache/firebase/emulators/ui-v1.15.0/client/assets/provider-icons/
[debug] [2025-12-09T02:21:24.301Z] [unzip] Entry: client/assets/provider-icons/auth_service_saml.svg (compressed_size=575 bytes, uncompressed_size=1226 bytes)
[debug] [2025-12-09T02:21:24.301Z] [unzip] Processing entry: client/assets/provider-icons/auth_service_saml.svg
[debug] [2025-12-09T02:21:24.301Z] [unzip] else mkdir: /Users/johnascott/.cache/firebase/emulators/ui-v1.15.0/client/assets/provider-icons
[debug] [2025-12-09T02:21:24.301Z] [unzip] deflating: /Users/johnascott/.cache/firebase/emulators/ui-v1.15.0/client/assets/provider-icons/auth_service_saml.svg
[debug] [2025-12-09T02:21:24.302Z] [unzip] Entry: client/assets/provider-icons/auth_service_phone.svg (compressed_size=261 bytes, uncompressed_size=414 bytes)
[debug] [2025-12-09T02:21:24.302Z] [unzip] Processing entry: client/assets/provider-icons/auth_service_phone.svg
[debug] [2025-12-09T02:21:24.302Z] [unzip] else mkdir: /Users/johnascott/.cache/firebase/emulators/ui-v1.15.0/client/assets/provider-icons
[debug] [2025-12-09T02:21:24.302Z] [unzip] deflating: /Users/johnascott/.cache/firebase/emulators/ui-v1.15.0/client/assets/provider-icons/auth_service_phone.svg
[debug] [2025-12-09T02:21:24.302Z] [unzip] Entry: client/assets/provider-icons/auth_service_facebook.svg (compressed_size=289 bytes, uncompressed_size=457 bytes)
[debug] [2025-12-09T02:21:24.302Z] [unzip] Processing entry: client/assets/provider-icons/auth_service_facebook.svg
[debug] [2025-12-09T02:21:24.302Z] [unzip] else mkdir: /Users/johnascott/.cache/firebase/emulators/ui-v1.15.0/client/assets/provider-icons
[debug] [2025-12-09T02:21:24.302Z] [unzip] deflating: /Users/johnascott/.cache/firebase/emulators/ui-v1.15.0/client/assets/provider-icons/auth_service_facebook.svg
[debug] [2025-12-09T02:21:24.302Z] [unzip] Entry: client/assets/provider-icons/auth_service_game_center.svg (compressed_size=991 bytes, uncompressed_size=3921 bytes)
[debug] [2025-12-09T02:21:24.302Z] [unzip] Processing entry: client/assets/provider-icons/auth_service_game_center.svg
[debug] [2025-12-09T02:21:24.302Z] [unzip] else mkdir: /Users/johnascott/.cache/firebase/emulators/ui-v1.15.0/client/assets/provider-icons
[debug] [2025-12-09T02:21:24.302Z] [unzip] deflating: /Users/johnascott/.cache/firebase/emulators/ui-v1.15.0/client/assets/provider-icons/auth_service_game_center.svg
[debug] [2025-12-09T02:21:24.303Z] [unzip] Entry: client/assets/provider-icons/auth_service_apple.svg (compressed_size=230 bytes, uncompressed_size=334 bytes)
[debug] [2025-12-09T02:21:24.303Z] [unzip] Processing entry: client/assets/provider-icons/auth_service_apple.svg
[debug] [2025-12-09T02:21:24.303Z] [unzip] else mkdir: /Users/johnascott/.cache/firebase/emulators/ui-v1.15.0/client/assets/provider-icons
[debug] [2025-12-09T02:21:24.303Z] [unzip] deflating: /Users/johnascott/.cache/firebase/emulators/ui-v1.15.0/client/assets/provider-icons/auth_service_apple.svg
[debug] [2025-12-09T02:21:24.303Z] [unzip] Entry: client/assets/provider-icons/auth_service_github.svg (compressed_size=466 bytes, uncompressed_size=838 bytes)
[debug] [2025-12-09T02:21:24.303Z] [unzip] Processing entry: client/assets/provider-icons/auth_service_github.svg
[debug] [2025-12-09T02:21:24.303Z] [unzip] else mkdir: /Users/johnascott/.cache/firebase/emulators/ui-v1.15.0/client/assets/provider-icons
[debug] [2025-12-09T02:21:24.303Z] [unzip] deflating: /Users/johnascott/.cache/firebase/emulators/ui-v1.15.0/client/assets/provider-icons/auth_service_github.svg
[debug] [2025-12-09T02:21:24.303Z] [unzip] Entry: client/assets/provider-icons/auth_service_mslive.svg (compressed_size=203 bytes, uncompressed_size=378 bytes)
[debug] [2025-12-09T02:21:24.303Z] [unzip] Processing entry: client/assets/provider-icons/auth_service_mslive.svg
[debug] [2025-12-09T02:21:24.303Z] [unzip] else mkdir: /Users/johnascott/.cache/firebase/emulators/ui-v1.15.0/client/assets/provider-icons
[debug] [2025-12-09T02:21:24.303Z] [unzip] deflating: /Users/johnascott/.cache/firebase/emulators/ui-v1.15.0/client/assets/provider-icons/auth_service_mslive.svg
[debug] [2025-12-09T02:21:24.304Z] [unzip] Entry: client/assets/provider-icons/auth_service_yahoo.svg (compressed_size=577 bytes, uncompressed_size=1182 bytes)
[debug] [2025-12-09T02:21:24.304Z] [unzip] Processing entry: client/assets/provider-icons/auth_service_yahoo.svg
[debug] [2025-12-09T02:21:24.304Z] [unzip] else mkdir: /Users/johnascott/.cache/firebase/emulators/ui-v1.15.0/client/assets/provider-icons
[debug] [2025-12-09T02:21:24.304Z] [unzip] deflating: /Users/johnascott/.cache/firebase/emulators/ui-v1.15.0/client/assets/provider-icons/auth_service_yahoo.svg
[debug] [2025-12-09T02:21:24.304Z] [unzip] Entry: client/assets/provider-icons/auth_service_twitter.svg (compressed_size=444 bytes, uncompressed_size=751 bytes)
[debug] [2025-12-09T02:21:24.304Z] [unzip] Processing entry: client/assets/provider-icons/auth_service_twitter.svg
[debug] [2025-12-09T02:21:24.304Z] [unzip] else mkdir: /Users/johnascott/.cache/firebase/emulators/ui-v1.15.0/client/assets/provider-icons
[debug] [2025-12-09T02:21:24.304Z] [unzip] deflating: /Users/johnascott/.cache/firebase/emulators/ui-v1.15.0/client/assets/provider-icons/auth_service_twitter.svg
[debug] [2025-12-09T02:21:24.304Z] [unzip] Entry: client/assets/provider-icons/auth_service_play_games.svg (compressed_size=565 bytes, uncompressed_size=1173 bytes)
[debug] [2025-12-09T02:21:24.304Z] [unzip] Processing entry: client/assets/provider-icons/auth_service_play_games.svg
[debug] [2025-12-09T02:21:24.304Z] [unzip] else mkdir: /Users/johnascott/.cache/firebase/emulators/ui-v1.15.0/client/assets/provider-icons
[debug] [2025-12-09T02:21:24.305Z] [unzip] deflating: /Users/johnascott/.cache/firebase/emulators/ui-v1.15.0/client/assets/provider-icons/auth_service_play_games.svg
[debug] [2025-12-09T02:21:24.305Z] [unzip] Entry: client/assets/provider-icons/auth_service_email.svg (compressed_size=228 bytes, uncompressed_size=326 bytes)
[debug] [2025-12-09T02:21:24.305Z] [unzip] Processing entry: client/assets/provider-icons/auth_service_email.svg
[debug] [2025-12-09T02:21:24.305Z] [unzip] else mkdir: /Users/johnascott/.cache/firebase/emulators/ui-v1.15.0/client/assets/provider-icons
[debug] [2025-12-09T02:21:24.305Z] [unzip] deflating: /Users/johnascott/.cache/firebase/emulators/ui-v1.15.0/client/assets/provider-icons/auth_service_email.svg
[debug] [2025-12-09T02:21:24.305Z] [unzip] Entry: client/assets/provider-icons/auth_service_google.svg (compressed_size=409 bytes, uncompressed_size=720 bytes)
[debug] [2025-12-09T02:21:24.305Z] [unzip] Processing entry: client/assets/provider-icons/auth_service_google.svg
[debug] [2025-12-09T02:21:24.305Z] [unzip] else mkdir: /Users/johnascott/.cache/firebase/emulators/ui-v1.15.0/client/assets/provider-icons
[debug] [2025-12-09T02:21:24.305Z] [unzip] deflating: /Users/johnascott/.cache/firebase/emulators/ui-v1.15.0/client/assets/provider-icons/auth_service_google.svg
[debug] [2025-12-09T02:21:24.305Z] [unzip] Entry: client/assets/provider-icons/auth_service_oidc.svg (compressed_size=414 bytes, uncompressed_size=858 bytes)
[debug] [2025-12-09T02:21:24.305Z] [unzip] Processing entry: client/assets/provider-icons/auth_service_oidc.svg
[debug] [2025-12-09T02:21:24.305Z] [unzip] else mkdir: /Users/johnascott/.cache/firebase/emulators/ui-v1.15.0/client/assets/provider-icons
[debug] [2025-12-09T02:21:24.305Z] [unzip] deflating: /Users/johnascott/.cache/firebase/emulators/ui-v1.15.0/client/assets/provider-icons/auth_service_oidc.svg
[debug] [2025-12-09T02:21:24.305Z] [unzip] Entry: client/browserconfig.xml (compressed_size=491 bytes, uncompressed_size=822 bytes)
[debug] [2025-12-09T02:21:24.306Z] [unzip] Processing entry: client/browserconfig.xml
[debug] [2025-12-09T02:21:24.306Z] [unzip] else mkdir: /Users/johnascott/.cache/firebase/emulators/ui-v1.15.0/client
[debug] [2025-12-09T02:21:24.306Z] [unzip] deflating: /Users/johnascott/.cache/firebase/emulators/ui-v1.15.0/client/browserconfig.xml
[debug] [2025-12-09T02:21:24.306Z] [unzip] Entry: client/favicon-32x32.png (compressed_size=475 bytes, uncompressed_size=475 bytes)
[debug] [2025-12-09T02:21:24.306Z] [unzip] Processing entry: client/favicon-32x32.png
[debug] [2025-12-09T02:21:24.306Z] [unzip] else mkdir: /Users/johnascott/.cache/firebase/emulators/ui-v1.15.0/client
[debug] [2025-12-09T02:21:24.306Z] [unzip] Writing file: /Users/johnascott/.cache/firebase/emulators/ui-v1.15.0/client/favicon-32x32.png
[debug] [2025-12-09T02:21:24.306Z] [unzip] Entry: server/ (compressed_size=0 bytes, uncompressed_size=0 bytes)
[debug] [2025-12-09T02:21:24.306Z] [unzip] Processing entry: server/
[debug] [2025-12-09T02:21:24.306Z] [unzip] mkdir: /Users/johnascott/.cache/firebase/emulators/ui-v1.15.0/server/
[debug] [2025-12-09T02:21:24.306Z] [unzip] Entry: server/server.mjs.map (compressed_size=217845 bytes, uncompressed_size=944978 bytes)
[debug] [2025-12-09T02:21:24.306Z] [unzip] Processing entry: server/server.mjs.map
[debug] [2025-12-09T02:21:24.306Z] [unzip] else mkdir: /Users/johnascott/.cache/firebase/emulators/ui-v1.15.0/server
[debug] [2025-12-09T02:21:24.306Z] [unzip] deflating: /Users/johnascott/.cache/firebase/emulators/ui-v1.15.0/server/server.mjs.map
[debug] [2025-12-09T02:21:24.308Z] [unzip] Entry: server/server.mjs (compressed_size=276407 bytes, uncompressed_size=933701 bytes)
[debug] [2025-12-09T02:21:24.308Z] [unzip] Processing entry: server/server.mjs
[debug] [2025-12-09T02:21:24.308Z] [unzip] else mkdir: /Users/johnascott/.cache/firebase/emulators/ui-v1.15.0/server
[debug] [2025-12-09T02:21:24.308Z] [unzip] deflating: /Users/johnascott/.cache/firebase/emulators/ui-v1.15.0/server/server.mjs
[debug] [2025-12-09T02:21:24.315Z] Could not find VSCode notification endpoint: FetchError: request to http://localhost:40001/vscode/notify failed, reason: . If you are not running the Firebase Data Connect VSCode extension, this is expected and not an issue.
[info] 
┌─────────────────────────────────────────────────────────────┐
│ ✔  All emulators ready! It is now safe to connect your app. │
│ i  View Emulator UI at http://127.0.0.1:4000/               │
└─────────────────────────────────────────────────────────────┘

┌───────────┬────────────────┬─────────────────────────────────┐
│ Emulator  │ Host:Port      │ View in Emulator UI             │
├───────────┼────────────────┼─────────────────────────────────┤
│ Firestore │ 127.0.0.1:8080 │ http://127.0.0.1:4000/firestore │
└───────────┴────────────────┴─────────────────────────────────┘
  Emulator Hub host: 127.0.0.1 port: 4400
  Other reserved ports: 4500, 9150

Issues? Report them at https://github.com/firebase/firebase-tools/issues and attach the *-debug.log files.
 
[warn] ⚠  emulators: firebase-tools will drop support for Java version < 21 soon in firebase-tools@15. Please install a JDK at version 21 or above to get a compatible runtime. 
[debug] [2025-12-09T02:21:24.873Z] Dec 08, 2025 10:21:24 P.M. io.gapi.emulators.netty.HttpVersionRoutingHandler channelRead
INFO: Detected HTTP/2 connection.
 {"metadata":{"emulator":{"name":"firestore"},"message":"Dec 08, 2025 10:21:24 P.M. io.gapi.emulators.netty.HttpVersionRoutingHandler channelRead\nINFO: Detected HTTP/2 connection.\n"}}
[debug] [2025-12-09T02:21:24.936Z] Multiple projectIds are not recommended in single project mode. Requested project ID demo-scribe, but the emulator is configured for demo-no-project. To opt-out of single project mode add/set the '"singleProjectMode": false' property in the firebase.json emulators config.
 {"metadata":{"emulator":{"name":"firestore"},"message":"Multiple projectIds are not recommended in single project mode. Requested project ID demo-scribe, but the emulator is configured for demo-no-project. To opt-out of single project mode add/set the '\"singleProjectMode\": false' property in the firebase.json emulators config.\n"}}
[debug] [2025-12-09T02:21:39.014Z] Multiple projectIds are not recommended in single project mode. Requested project ID demo-scribe, but the emulator is configured for demo-no-project. To opt-out of single project mode add/set the '"singleProjectMode": false' property in the firebase.json emulators config.
 {"metadata":{"emulator":{"name":"firestore"},"message":"Multiple projectIds are not recommended in single project mode. Requested project ID demo-scribe, but the emulator is configured for demo-no-project. To opt-out of single project mode add/set the '\"singleProjectMode\": false' property in the firebase.json emulators config.\n"}}
[debug] [2025-12-09T02:21:42.402Z] Multiple projectIds are not recommended in single project mode. Requested project ID demo-scribe, but the emulator is configured for demo-no-project. To opt-out of single project mode add/set the '"singleProjectMode": false' property in the firebase.json emulators config.
 {"metadata":{"emulator":{"name":"firestore"},"message":"Multiple projectIds are not recommended in single project mode. Requested project ID demo-scribe, but the emulator is configured for demo-no-project. To opt-out of single project mode add/set the '\"singleProjectMode\": false' property in the firebase.json emulators config.\n"}}
[debug] [2025-12-09T02:21:48.360Z] Dec 08, 2025 10:21:48 P.M. io.gapi.emulators.netty.HttpVersionRoutingHandler channelRead
INFO: Detected HTTP/2 connection.
 {"metadata":{"emulator":{"name":"firestore"},"message":"Dec 08, 2025 10:21:48 P.M. io.gapi.emulators.netty.HttpVersionRoutingHandler channelRead\nINFO: Detected HTTP/2 connection.\n"}}
[debug] [2025-12-09T02:21:48.368Z] Multiple projectIds are not recommended in single project mode. Requested project ID demo-scribe, but the emulator is configured for demo-no-project. To opt-out of single project mode add/set the '"singleProjectMode": false' property in the firebase.json emulators config.
 {"metadata":{"emulator":{"name":"firestore"},"message":"Multiple projectIds are not recommended in single project mode. Requested project ID demo-scribe, but the emulator is configured for demo-no-project. To opt-out of single project mode add/set the '\"singleProjectMode\": false' property in the firebase.json emulators config.\n"}}
[debug] [2025-12-09T02:21:52.689Z] Dec 08, 2025 10:21:52 P.M. io.gapi.emulators.netty.HttpVersionRoutingHandler channelRead
INFO: Detected HTTP/2 connection.
 {"metadata":{"emulator":{"name":"firestore"},"message":"Dec 08, 2025 10:21:52 P.M. io.gapi.emulators.netty.HttpVersionRoutingHandler channelRead\nINFO: Detected HTTP/2 connection.\n"}}
[debug] [2025-12-09T02:21:52.696Z] Multiple projectIds are not recommended in single project mode. Requested project ID demo-scribe, but the emulator is configured for demo-no-project. To opt-out of single project mode add/set the '"singleProjectMode": false' property in the firebase.json emulators config.
 {"metadata":{"emulator":{"name":"firestore"},"message":"Multiple projectIds are not recommended in single project mode. Requested project ID demo-scribe, but the emulator is configured for demo-no-project. To opt-out of single project mode add/set the '\"singleProjectMode\": false' property in the firebase.json emulators config.\n"}}
[debug] [2025-12-09T02:22:08.165Z] Multiple projectIds are not recommended in single project mode. Requested project ID demo-scribe, but the emulator is configured for demo-no-project. To opt-out of single project mode add/set the '"singleProjectMode": false' property in the firebase.json emulators config.
 {"metadata":{"emulator":{"name":"firestore"},"message":"Multiple projectIds are not recommended in single project mode. Requested project ID demo-scribe, but the emulator is configured for demo-no-project. To opt-out of single project mode add/set the '\"singleProjectMode\": false' property in the firebase.json emulators config.\n"}}
[debug] [2025-12-09T02:22:08.255Z] Multiple projectIds are not recommended in single project mode. Requested project ID demo-scribe, but the emulator is configured for demo-no-project. To opt-out of single project mode add/set the '"singleProjectMode": false' property in the firebase.json emulators config.
 {"metadata":{"emulator":{"name":"firestore"},"message":"Multiple projectIds are not recommended in single project mode. Requested project ID demo-scribe, but the emulator is configured for demo-no-project. To opt-out of single project mode add/set the '\"singleProjectMode\": false' property in the firebase.json emulators config.\n"}}
[debug] [2025-12-09T02:22:08.288Z] Multiple projectIds are not recommended in single project mode. Requested project ID demo-scribe, but the emulator is configured for demo-no-project. To opt-out of single project mode add/set the '"singleProjectMode": false' property in the firebase.json emulators config.
 {"metadata":{"emulator":{"name":"firestore"},"message":"Multiple projectIds are not recommended in single project mode. Requested project ID demo-scribe, but the emulator is configured for demo-no-project. To opt-out of single project mode add/set the '\"singleProjectMode\": false' property in the firebase.json emulators config.\n"}}
[debug] [2025-12-09T02:22:08.292Z] Multiple projectIds are not recommended in single project mode. Requested project ID demo-scribe, but the emulator is configured for demo-no-project. To opt-out of single project mode add/set the '"singleProjectMode": false' property in the firebase.json emulators config.
 {"metadata":{"emulator":{"name":"firestore"},"message":"Multiple projectIds are not recommended in single project mode. Requested project ID demo-scribe, but the emulator is configured for demo-no-project. To opt-out of single project mode add/set the '\"singleProjectMode\": false' property in the firebase.json emulators config.\n"}}
[debug] [2025-12-09T02:22:08.296Z] Multiple projectIds are not recommended in single project mode. Requested project ID demo-scribe, but the emulator is configured for demo-no-project. To opt-out of single project mode add/set the '"singleProjectMode": false' property in the firebase.json emulators config.
 {"metadata":{"emulator":{"name":"firestore"},"message":"Multiple projectIds are not recommended in single project mode. Requested project ID demo-scribe, but the emulator is configured for demo-no-project. To opt-out of single project mode add/set the '\"singleProjectMode\": false' property in the firebase.json emulators config.\n"}}
[debug] [2025-12-09T02:22:08.350Z] Multiple projectIds are not recommended in single project mode. Requested project ID demo-scribe, but the emulator is configured for demo-no-project. To opt-out of single project mode add/set the '"singleProjectMode": false' property in the firebase.json emulators config.
 {"metadata":{"emulator":{"name":"firestore"},"message":"Multiple projectIds are not recommended in single project mode. Requested project ID demo-scribe, but the emulator is configured for demo-no-project. To opt-out of single project mode add/set the '\"singleProjectMode\": false' property in the firebase.json emulators config.\n"}}
[debug] [2025-12-09T02:22:08.377Z] Multiple projectIds are not recommended in single project mode. Requested project ID demo-scribe, but the emulator is configured for demo-no-project. To opt-out of single project mode add/set the '"singleProjectMode": false' property in the firebase.json emulators config.
 {"metadata":{"emulator":{"name":"firestore"},"message":"Multiple projectIds are not recommended in single project mode. Requested project ID demo-scribe, but the emulator is configured for demo-no-project. To opt-out of single project mode add/set the '\"singleProjectMode\": false' property in the firebase.json emulators config.\n"}}
[debug] [2025-12-09T02:22:08.377Z] Multiple projectIds are not recommended in single project mode. Requested project ID demo-scribe, but the emulator is configured for demo-no-project. To opt-out of single project mode add/set the '"singleProjectMode": false' property in the firebase.json emulators config.
 {"metadata":{"emulator":{"name":"firestore"},"message":"Multiple projectIds are not recommended in single project mode. Requested project ID demo-scribe, but the emulator is configured for demo-no-project. To opt-out of single project mode add/set the '\"singleProjectMode\": false' property in the firebase.json emulators config.\n"}}
[debug] [2025-12-09T02:22:08.396Z] Multiple projectIds are not recommended in single project mode. Requested project ID demo-scribe, but the emulator is configured for demo-no-project. To opt-out of single project mode add/set the '"singleProjectMode": false' property in the firebase.json emulators config.
 {"metadata":{"emulator":{"name":"firestore"},"message":"Multiple projectIds are not recommended in single project mode. Requested project ID demo-scribe, but the emulator is configured for demo-no-project. To opt-out of single project mode add/set the '\"singleProjectMode\": false' property in the firebase.json emulators config.\n"}}
[debug] [2025-12-09T02:22:08.401Z] Multiple projectIds are not recommended in single project mode. Requested project ID demo-scribe, but the emulator is configured for demo-no-project. To opt-out of single project mode add/set the '"singleProjectMode": false' property in the firebase.json emulators config.
 {"metadata":{"emulator":{"name":"firestore"},"message":"Multiple projectIds are not recommended in single project mode. Requested project ID demo-scribe, but the emulator is configured for demo-no-project. To opt-out of single project mode add/set the '\"singleProjectMode\": false' property in the firebase.json emulators config.\n"}}
[debug] [2025-12-09T02:22:08.405Z] Multiple projectIds are not recommended in single project mode. Requested project ID demo-scribe, but the emulator is configured for demo-no-project. To opt-out of single project mode add/set the '"singleProjectMode": false' property in the firebase.json emulators config.
 {"metadata":{"emulator":{"name":"firestore"},"message":"Multiple projectIds are not recommended in single project mode. Requested project ID demo-scribe, but the emulator is configured for demo-no-project. To opt-out of single project mode add/set the '\"singleProjectMode\": false' property in the firebase.json emulators config.\n"}}
[debug] [2025-12-09T02:22:08.420Z] Multiple projectIds are not recommended in single project mode. Requested project ID demo-scribe, but the emulator is configured for demo-no-project. To opt-out of single project mode add/set the '"singleProjectMode": false' property in the firebase.json emulators config.
 {"metadata":{"emulator":{"name":"firestore"},"message":"Multiple projectIds are not recommended in single project mode. Requested project ID demo-scribe, but the emulator is configured for demo-no-project. To opt-out of single project mode add/set the '\"singleProjectMode\": false' property in the firebase.json emulators config.\n"}}
[debug] [2025-12-09T02:22:08.425Z] Multiple projectIds are not recommended in single project mode. Requested project ID demo-scribe, but the emulator is configured for demo-no-project. To opt-out of single project mode add/set the '"singleProjectMode": false' property in the firebase.json emulators config.
 {"metadata":{"emulator":{"name":"firestore"},"message":"Multiple projectIds are not recommended in single project mode. Requested project ID demo-scribe, but the emulator is configured for demo-no-project. To opt-out of single project mode add/set the '\"singleProjectMode\": false' property in the firebase.json emulators config.\n"}}
[debug] [2025-12-09T02:22:29.934Z] Multiple projectIds are not recommended in single project mode. Requested project ID demo-scribe, but the emulator is configured for demo-no-project. To opt-out of single project mode add/set the '"singleProjectMode": false' property in the firebase.json emulators config.
 {"metadata":{"emulator":{"name":"firestore"},"message":"Multiple projectIds are not recommended in single project mode. Requested project ID demo-scribe, but the emulator is configured for demo-no-project. To opt-out of single project mode add/set the '\"singleProjectMode\": false' property in the firebase.json emulators config.\n"}}
[debug] [2025-12-09T02:22:29.940Z] Multiple projectIds are not recommended in single project mode. Requested project ID demo-scribe, but the emulator is configured for demo-no-project. To opt-out of single project mode add/set the '"singleProjectMode": false' property in the firebase.json emulators config.
 {"metadata":{"emulator":{"name":"firestore"},"message":"Multiple projectIds are not recommended in single project mode. Requested project ID demo-scribe, but the emulator is configured for demo-no-project. To opt-out of single project mode add/set the '\"singleProjectMode\": false' property in the firebase.json emulators config.\n"}}
[debug] [2025-12-09T02:22:29.945Z] Multiple projectIds are not recommended in single project mode. Requested project ID demo-scribe, but the emulator is configured for demo-no-project. To opt-out of single project mode add/set the '"singleProjectMode": false' property in the firebase.json emulators config.
 {"metadata":{"emulator":{"name":"firestore"},"message":"Multiple projectIds are not recommended in single project mode. Requested project ID demo-scribe, but the emulator is configured for demo-no-project. To opt-out of single project mode add/set the '\"singleProjectMode\": false' property in the firebase.json emulators config.\n"}}
[debug] [2025-12-09T02:22:29.974Z] Multiple projectIds are not recommended in single project mode. Requested project ID demo-scribe, but the emulator is configured for demo-no-project. To opt-out of single project mode add/set the '"singleProjectMode": false' property in the firebase.json emulators config.
 {"metadata":{"emulator":{"name":"firestore"},"message":"Multiple projectIds are not recommended in single project mode. Requested project ID demo-scribe, but the emulator is configured for demo-no-project. To opt-out of single project mode add/set the '\"singleProjectMode\": false' property in the firebase.json emulators config.\n"}}
[debug] [2025-12-09T02:22:29.979Z] Multiple projectIds are not recommended in single project mode. Requested project ID demo-scribe, but the emulator is configured for demo-no-project. To opt-out of single project mode add/set the '"singleProjectMode": false' property in the firebase.json emulators config.
 {"metadata":{"emulator":{"name":"firestore"},"message":"Multiple projectIds are not recommended in single project mode. Requested project ID demo-scribe, but the emulator is configured for demo-no-project. To opt-out of single project mode add/set the '\"singleProjectMode\": false' property in the firebase.json emulators config.\n"}}
[debug] [2025-12-09T02:22:29.991Z] Multiple projectIds are not recommended in single project mode. Requested project ID demo-scribe, but the emulator is configured for demo-no-project. To opt-out of single project mode add/set the '"singleProjectMode": false' property in the firebase.json emulators config.
 {"metadata":{"emulator":{"name":"firestore"},"message":"Multiple projectIds are not recommended in single project mode. Requested project ID demo-scribe, but the emulator is configured for demo-no-project. To opt-out of single project mode add/set the '\"singleProjectMode\": false' property in the firebase.json emulators config.\n"}}
[debug] [2025-12-09T02:22:29.996Z] Multiple projectIds are not recommended in single project mode. Requested project ID demo-scribe, but the emulator is configured for demo-no-project. To opt-out of single project mode add/set the '"singleProjectMode": false' property in the firebase.json emulators config.
 {"metadata":{"emulator":{"name":"firestore"},"message":"Multiple projectIds are not recommended in single project mode. Requested project ID demo-scribe, but the emulator is configured for demo-no-project. To opt-out of single project mode add/set the '\"singleProjectMode\": false' property in the firebase.json emulators config.\n"}}
[debug] [2025-12-09T02:22:30.010Z] Multiple projectIds are not recommended in single project mode. Requested project ID demo-scribe, but the emulator is configured for demo-no-project. To opt-out of single project mode add/set the '"singleProjectMode": false' property in the firebase.json emulators config.
 {"metadata":{"emulator":{"name":"firestore"},"message":"Multiple projectIds are not recommended in single project mode. Requested project ID demo-scribe, but the emulator is configured for demo-no-project. To opt-out of single project mode add/set the '\"singleProjectMode\": false' property in the firebase.json emulators config.\n"}}
[debug] [2025-12-09T02:22:30.015Z] Multiple projectIds are not recommended in single project mode. Requested project ID demo-scribe, but the emulator is configured for demo-no-project. To opt-out of single project mode add/set the '"singleProjectMode": false' property in the firebase.json emulators config.
 {"metadata":{"emulator":{"name":"firestore"},"message":"Multiple projectIds are not recommended in single project mode. Requested project ID demo-scribe, but the emulator is configured for demo-no-project. To opt-out of single project mode add/set the '\"singleProjectMode\": false' property in the firebase.json emulators config.\n"}}
[debug] [2025-12-09T02:22:35.753Z] Multiple projectIds are not recommended in single project mode. Requested project ID demo-scribe, but the emulator is configured for demo-no-project. To opt-out of single project mode add/set the '"singleProjectMode": false' property in the firebase.json emulators config.
 {"metadata":{"emulator":{"name":"firestore"},"message":"Multiple projectIds are not recommended in single project mode. Requested project ID demo-scribe, but the emulator is configured for demo-no-project. To opt-out of single project mode add/set the '\"singleProjectMode\": false' property in the firebase.json emulators config.\n"}}
[debug] [2025-12-09T02:22:35.761Z] Multiple projectIds are not recommended in single project mode. Requested project ID demo-scribe, but the emulator is configured for demo-no-project. To opt-out of single project mode add/set the '"singleProjectMode": false' property in the firebase.json emulators config.
 {"metadata":{"emulator":{"name":"firestore"},"message":"Multiple projectIds are not recommended in single project mode. Requested project ID demo-scribe, but the emulator is configured for demo-no-project. To opt-out of single project mode add/set the '\"singleProjectMode\": false' property in the firebase.json emulators config.\n"}}
[debug] [2025-12-09T02:22:35.784Z] Multiple projectIds are not recommended in single project mode. Requested project ID demo-scribe, but the emulator is configured for demo-no-project. To opt-out of single project mode add/set the '"singleProjectMode": false' property in the firebase.json emulators config.
 {"metadata":{"emulator":{"name":"firestore"},"message":"Multiple projectIds are not recommended in single project mode. Requested project ID demo-scribe, but the emulator is configured for demo-no-project. To opt-out of single project mode add/set the '\"singleProjectMode\": false' property in the firebase.json emulators config.\n"}}
[debug] [2025-12-09T02:23:41.133Z] Dec 08, 2025 10:23:41 P.M. io.gapi.emulators.netty.HttpVersionRoutingHandler channelRead
INFO: Detected HTTP/2 connection.
 {"metadata":{"emulator":{"name":"firestore"},"message":"Dec 08, 2025 10:23:41 P.M. io.gapi.emulators.netty.HttpVersionRoutingHandler channelRead\nINFO: Detected HTTP/2 connection.\n"}}
[debug] [2025-12-09T02:23:41.139Z] Multiple projectIds are not recommended in single project mode. Requested project ID demo-scribe, but the emulator is configured for demo-no-project. To opt-out of single project mode add/set the '"singleProjectMode": false' property in the firebase.json emulators config.
 {"metadata":{"emulator":{"name":"firestore"},"message":"Multiple projectIds are not recommended in single project mode. Requested project ID demo-scribe, but the emulator is configured for demo-no-project. To opt-out of single project mode add/set the '\"singleProjectMode\": false' property in the firebase.json emulators config.\n"}}
[debug] [2025-12-09T02:23:41.139Z] Multiple projectIds are not recommended in single project mode. Requested project ID demo-scribe, but the emulator is configured for demo-no-project. To opt-out of single project mode add/set the '"singleProjectMode": false' property in the firebase.json emulators config.
 {"metadata":{"emulator":{"name":"firestore"},"message":"Multiple projectIds are not recommended in single project mode. Requested project ID demo-scribe, but the emulator is configured for demo-no-project. To opt-out of single project mode add/set the '\"singleProjectMode\": false' property in the firebase.json emulators config.\n"}}
[debug] [2025-12-09T02:23:41.224Z] Multiple projectIds are not recommended in single project mode. Requested project ID demo-scribe, but the emulator is configured for demo-no-project. To opt-out of single project mode add/set the '"singleProjectMode": false' property in the firebase.json emulators config.
 {"metadata":{"emulator":{"name":"firestore"},"message":"Multiple projectIds are not recommended in single project mode. Requested project ID demo-scribe, but the emulator is configured for demo-no-project. To opt-out of single project mode add/set the '\"singleProjectMode\": false' property in the firebase.json emulators config.\n"}}
[debug] [2025-12-09T02:23:46.866Z] Dec 08, 2025 10:23:46 P.M. io.gapi.emulators.netty.HttpVersionRoutingHandler channelRead
INFO: Detected HTTP/2 connection.
 {"metadata":{"emulator":{"name":"firestore"},"message":"Dec 08, 2025 10:23:46 P.M. io.gapi.emulators.netty.HttpVersionRoutingHandler channelRead\nINFO: Detected HTTP/2 connection.\n"}}
[debug] [2025-12-09T02:23:46.873Z] Multiple projectIds are not recommended in single project mode. Requested project ID demo-scribe, but the emulator is configured for demo-no-project. To opt-out of single project mode add/set the '"singleProjectMode": false' property in the firebase.json emulators config.
 {"metadata":{"emulator":{"name":"firestore"},"message":"Multiple projectIds are not recommended in single project mode. Requested project ID demo-scribe, but the emulator is configured for demo-no-project. To opt-out of single project mode add/set the '\"singleProjectMode\": false' property in the firebase.json emulators config.\n"}}
[debug] [2025-12-09T02:23:46.873Z] Multiple projectIds are not recommended in single project mode. Requested project ID demo-scribe, but the emulator is configured for demo-no-project. To opt-out of single project mode add/set the '"singleProjectMode": false' property in the firebase.json emulators config.
 {"metadata":{"emulator":{"name":"firestore"},"message":"Multiple projectIds are not recommended in single project mode. Requested project ID demo-scribe, but the emulator is configured for demo-no-project. To opt-out of single project mode add/set the '\"singleProjectMode\": false' property in the firebase.json emulators config.\n"}}
[debug] [2025-12-09T02:23:46.969Z] Multiple projectIds are not recommended in single project mode. Requested project ID demo-scribe, but the emulator is configured for demo-no-project. To opt-out of single project mode add/set the '"singleProjectMode": false' property in the firebase.json emulators config.
 {"metadata":{"emulator":{"name":"firestore"},"message":"Multiple projectIds are not recommended in single project mode. Requested project ID demo-scribe, but the emulator is configured for demo-no-project. To opt-out of single project mode add/set the '\"singleProjectMode\": false' property in the firebase.json emulators config.\n"}}
[debug] [2025-12-09T02:23:53.157Z] Dec 08, 2025 10:23:53 P.M. io.gapi.emulators.netty.HttpVersionRoutingHandler channelRead
INFO: Detected HTTP/2 connection.
 {"metadata":{"emulator":{"name":"firestore"},"message":"Dec 08, 2025 10:23:53 P.M. io.gapi.emulators.netty.HttpVersionRoutingHandler channelRead\nINFO: Detected HTTP/2 connection.\n"}}
[debug] [2025-12-09T02:23:53.161Z] Multiple projectIds are not recommended in single project mode. Requested project ID demo-scribe, but the emulator is configured for demo-no-project. To opt-out of single project mode add/set the '"singleProjectMode": false' property in the firebase.json emulators config.
 {"metadata":{"emulator":{"name":"firestore"},"message":"Multiple projectIds are not recommended in single project mode. Requested project ID demo-scribe, but the emulator is configured for demo-no-project. To opt-out of single project mode add/set the '\"singleProjectMode\": false' property in the firebase.json emulators config.\n"}}
[debug] [2025-12-09T02:23:53.800Z] Multiple projectIds are not recommended in single project mode. Requested project ID demo-scribe, but the emulator is configured for demo-no-project. To opt-out of single project mode add/set the '"singleProjectMode": false' property in the firebase.json emulators config.
 {"metadata":{"emulator":{"name":"firestore"},"message":"Multiple projectIds are not recommended in single project mode. Requested project ID demo-scribe, but the emulator is configured for demo-no-project. To opt-out of single project mode add/set the '\"singleProjectMode\": false' property in the firebase.json emulators config.\n"}}
[debug] [2025-12-09T02:23:53.808Z] Multiple projectIds are not recommended in single project mode. Requested project ID demo-scribe, but the emulator is configured for demo-no-project. To opt-out of single project mode add/set the '"singleProjectMode": false' property in the firebase.json emulators config.
 {"metadata":{"emulator":{"name":"firestore"},"message":"Multiple projectIds are not recommended in single project mode. Requested project ID demo-scribe, but the emulator is configured for demo-no-project. To opt-out of single project mode add/set the '\"singleProjectMode\": false' property in the firebase.json emulators config.\n"}}
[debug] [2025-12-09T02:24:00.530Z] Dec 08, 2025 10:24:00 P.M. io.gapi.emulators.netty.HttpVersionRoutingHandler channelRead
INFO: Detected HTTP/2 connection.
 {"metadata":{"emulator":{"name":"firestore"},"message":"Dec 08, 2025 10:24:00 P.M. io.gapi.emulators.netty.HttpVersionRoutingHandler channelRead\nINFO: Detected HTTP/2 connection.\n"}}
[debug] [2025-12-09T02:24:00.535Z] Multiple projectIds are not recommended in single project mode. Requested project ID demo-scribe, but the emulator is configured for demo-no-project. To opt-out of single project mode add/set the '"singleProjectMode": false' property in the firebase.json emulators config.
 {"metadata":{"emulator":{"name":"firestore"},"message":"Multiple projectIds are not recommended in single project mode. Requested project ID demo-scribe, but the emulator is configured for demo-no-project. To opt-out of single project mode add/set the '\"singleProjectMode\": false' property in the firebase.json emulators config.\n"}}
[debug] [2025-12-09T02:24:01.256Z] Multiple projectIds are not recommended in single project mode. Requested project ID demo-scribe, but the emulator is configured for demo-no-project. To opt-out of single project mode add/set the '"singleProjectMode": false' property in the firebase.json emulators config.
 {"metadata":{"emulator":{"name":"firestore"},"message":"Multiple projectIds are not recommended in single project mode. Requested project ID demo-scribe, but the emulator is configured for demo-no-project. To opt-out of single project mode add/set the '\"singleProjectMode\": false' property in the firebase.json emulators config.\n"}}
[debug] [2025-12-09T02:24:01.266Z] Multiple projectIds are not recommended in single project mode. Requested project ID demo-scribe, but the emulator is configured for demo-no-project. To opt-out of single project mode add/set the '"singleProjectMode": false' property in the firebase.json emulators config.
 {"metadata":{"emulator":{"name":"firestore"},"message":"Multiple projectIds are not recommended in single project mode. Requested project ID demo-scribe, but the emulator is configured for demo-no-project. To opt-out of single project mode add/set the '\"singleProjectMode\": false' property in the firebase.json emulators config.\n"}}
[debug] [2025-12-09T02:24:10.500Z] Dec 08, 2025 10:24:10 P.M. io.gapi.emulators.netty.HttpVersionRoutingHandler channelRead
INFO: Detected HTTP/2 connection.
 {"metadata":{"emulator":{"name":"firestore"},"message":"Dec 08, 2025 10:24:10 P.M. io.gapi.emulators.netty.HttpVersionRoutingHandler channelRead\nINFO: Detected HTTP/2 connection.\n"}}
[debug] [2025-12-09T02:24:10.505Z] Multiple projectIds are not recommended in single project mode. Requested project ID demo-scribe, but the emulator is configured for demo-no-project. To opt-out of single project mode add/set the '"singleProjectMode": false' property in the firebase.json emulators config.
 {"metadata":{"emulator":{"name":"firestore"},"message":"Multiple projectIds are not recommended in single project mode. Requested project ID demo-scribe, but the emulator is configured for demo-no-project. To opt-out of single project mode add/set the '\"singleProjectMode\": false' property in the firebase.json emulators config.\n"}}
[debug] [2025-12-09T02:24:10.505Z] Multiple projectIds are not recommended in single project mode. Requested project ID demo-scribe, but the emulator is configured for demo-no-project. To opt-out of single project mode add/set the '"singleProjectMode": false' property in the firebase.json emulators config.
 {"metadata":{"emulator":{"name":"firestore"},"message":"Multiple projectIds are not recommended in single project mode. Requested project ID demo-scribe, but the emulator is configured for demo-no-project. To opt-out of single project mode add/set the '\"singleProjectMode\": false' property in the firebase.json emulators config.\n"}}
[debug] [2025-12-09T02:24:10.582Z] Multiple projectIds are not recommended in single project mode. Requested project ID demo-scribe, but the emulator is configured for demo-no-project. To opt-out of single project mode add/set the '"singleProjectMode": false' property in the firebase.json emulators config.
 {"metadata":{"emulator":{"name":"firestore"},"message":"Multiple projectIds are not recommended in single project mode. Requested project ID demo-scribe, but the emulator is configured for demo-no-project. To opt-out of single project mode add/set the '\"singleProjectMode\": false' property in the firebase.json emulators config.\n"}}
[info] i  firestore: Change detected, updating rules... 
[debug] [2025-12-09T02:25:38.155Z] >>> [apiv2][query] PUT http://127.0.0.1:8080/emulator/v1/projects/demo-no-project:securityRules [none]
[debug] [2025-12-09T02:25:38.155Z] >>> [apiv2][body] PUT http://127.0.0.1:8080/emulator/v1/projects/demo-no-project:securityRules {"ignore_errors":true,"rules":{"files":[{"name":"security.rules","content":"rules_version = '2';\nservice cloud.firestore {\n  match /databases/{database}/documents {\n    // Backend-only access - all operations go through the server\n    // These rules are for the emulator; production uses service account\n    match /{document=**} {\n      allow read, write: if true;\n    }\n  }\n}\n\n"}]}}
[debug] [2025-12-09T02:25:38.157Z] Dec 08, 2025 10:25:38 P.M. io.gapi.emulators.netty.HttpVersionRoutingHandler channelRead
INFO: Detected non-HTTP/2 connection.
 {"metadata":{"emulator":{"name":"firestore"},"message":"Dec 08, 2025 10:25:38 P.M. io.gapi.emulators.netty.HttpVersionRoutingHandler channelRead\nINFO: Detected non-HTTP/2 connection.\n"}}
[debug] [2025-12-09T02:25:38.209Z] Dec 08, 2025 10:25:38 P.M. io.gapi.emulators.netty.HttpVersionRoutingHandler channelRead
INFO: Detected HTTP/2 connection.
 {"metadata":{"emulator":{"name":"firestore"},"message":"Dec 08, 2025 10:25:38 P.M. io.gapi.emulators.netty.HttpVersionRoutingHandler channelRead\nINFO: Detected HTTP/2 connection.\n"}}
[debug] [2025-12-09T02:25:38.235Z] <<< [apiv2][status] PUT http://127.0.0.1:8080/emulator/v1/projects/demo-no-project:securityRules 200
[debug] [2025-12-09T02:25:38.235Z] <<< [apiv2][body] PUT http://127.0.0.1:8080/emulator/v1/projects/demo-no-project:securityRules {}
[info] ✔  firestore: Rules updated. 
[debug] [2025-12-09T02:25:49.089Z] Dec 08, 2025 10:25:49 P.M. io.gapi.emulators.netty.HttpVersionRoutingHandler channelRead
INFO: Detected HTTP/2 connection.
 {"metadata":{"emulator":{"name":"firestore"},"message":"Dec 08, 2025 10:25:49 P.M. io.gapi.emulators.netty.HttpVersionRoutingHandler channelRead\nINFO: Detected HTTP/2 connection.\n"}}
[debug] [2025-12-09T02:25:49.096Z] Multiple projectIds are not recommended in single project mode. Requested project ID demo-scribe, but the emulator is configured for demo-no-project. To opt-out of single project mode add/set the '"singleProjectMode": false' property in the firebase.json emulators config.
 {"metadata":{"emulator":{"name":"firestore"},"message":"Multiple projectIds are not recommended in single project mode. Requested project ID demo-scribe, but the emulator is configured for demo-no-project. To opt-out of single project mode add/set the '\"singleProjectMode\": false' property in the firebase.json emulators config.\n"}}
[debug] [2025-12-09T02:25:49.097Z] Multiple projectIds are not recommended in single project mode. Requested project ID demo-scribe, but the emulator is configured for demo-no-project. To opt-out of single project mode add/set the '"singleProjectMode": false' property in the firebase.json emulators config.
 {"metadata":{"emulator":{"name":"firestore"},"message":"Multiple projectIds are not recommended in single project mode. Requested project ID demo-scribe, but the emulator is configured for demo-no-project. To opt-out of single project mode add/set the '\"singleProjectMode\": false' property in the firebase.json emulators config.\n"}}
[debug] [2025-12-09T02:25:49.188Z] Multiple projectIds are not recommended in single project mode. Requested project ID demo-scribe, but the emulator is configured for demo-no-project. To opt-out of single project mode add/set the '"singleProjectMode": false' property in the firebase.json emulators config.
 {"metadata":{"emulator":{"name":"firestore"},"message":"Multiple projectIds are not recommended in single project mode. Requested project ID demo-scribe, but the emulator is configured for demo-no-project. To opt-out of single project mode add/set the '\"singleProjectMode\": false' property in the firebase.json emulators config.\n"}}
[debug] [2025-12-09T02:25:50.107Z] Dec 08, 2025 10:25:50 P.M. io.gapi.emulators.netty.HttpVersionRoutingHandler channelRead
INFO: Detected HTTP/2 connection.
 {"metadata":{"emulator":{"name":"firestore"},"message":"Dec 08, 2025 10:25:50 P.M. io.gapi.emulators.netty.HttpVersionRoutingHandler channelRead\nINFO: Detected HTTP/2 connection.\n"}}
[debug] [2025-12-09T02:25:50.111Z] Multiple projectIds are not recommended in single project mode. Requested project ID demo-scribe, but the emulator is configured for demo-no-project. To opt-out of single project mode add/set the '"singleProjectMode": false' property in the firebase.json emulators config.
 {"metadata":{"emulator":{"name":"firestore"},"message":"Multiple projectIds are not recommended in single project mode. Requested project ID demo-scribe, but the emulator is configured for demo-no-project. To opt-out of single project mode add/set the '\"singleProjectMode\": false' property in the firebase.json emulators config.\n"}}
[debug] [2025-12-09T02:25:50.603Z] Multiple projectIds are not recommended in single project mode. Requested project ID demo-scribe, but the emulator is configured for demo-no-project. To opt-out of single project mode add/set the '"singleProjectMode": false' property in the firebase.json emulators config.
 {"metadata":{"emulator":{"name":"firestore"},"message":"Multiple projectIds are not recommended in single project mode. Requested project ID demo-scribe, but the emulator is configured for demo-no-project. To opt-out of single project mode add/set the '\"singleProjectMode\": false' property in the firebase.json emulators config.\n"}}
[debug] [2025-12-09T02:25:50.611Z] Multiple projectIds are not recommended in single project mode. Requested project ID demo-scribe, but the emulator is configured for demo-no-project. To opt-out of single project mode add/set the '"singleProjectMode": false' property in the firebase.json emulators config.
 {"metadata":{"emulator":{"name":"firestore"},"message":"Multiple projectIds are not recommended in single project mode. Requested project ID demo-scribe, but the emulator is configured for demo-no-project. To opt-out of single project mode add/set the '\"singleProjectMode\": false' property in the firebase.json emulators config.\n"}}
[debug] [2025-12-09T02:26:39.141Z] Dec 08, 2025 10:26:39 P.M. io.gapi.emulators.netty.HttpVersionRoutingHandler channelRead
INFO: Detected HTTP/2 connection.
 {"metadata":{"emulator":{"name":"firestore"},"message":"Dec 08, 2025 10:26:39 P.M. io.gapi.emulators.netty.HttpVersionRoutingHandler channelRead\nINFO: Detected HTTP/2 connection.\n"}}
[debug] [2025-12-09T02:26:39.146Z] Multiple projectIds are not recommended in single project mode. Requested project ID demo-scribe, but the emulator is configured for demo-no-project. To opt-out of single project mode add/set the '"singleProjectMode": false' property in the firebase.json emulators config.
 {"metadata":{"emulator":{"name":"firestore"},"message":"Multiple projectIds are not recommended in single project mode. Requested project ID demo-scribe, but the emulator is configured for demo-no-project. To opt-out of single project mode add/set the '\"singleProjectMode\": false' property in the firebase.json emulators config.\n"}}
[debug] [2025-12-09T02:26:39.147Z] Multiple projectIds are not recommended in single project mode. Requested project ID demo-scribe, but the emulator is configured for demo-no-project. To opt-out of single project mode add/set the '"singleProjectMode": false' property in the firebase.json emulators config.
 {"metadata":{"emulator":{"name":"firestore"},"message":"Multiple projectIds are not recommended in single project mode. Requested project ID demo-scribe, but the emulator is configured for demo-no-project. To opt-out of single project mode add/set the '\"singleProjectMode\": false' property in the firebase.json emulators config.\n"}}
[debug] [2025-12-09T02:26:39.235Z] Multiple projectIds are not recommended in single project mode. Requested project ID demo-scribe, but the emulator is configured for demo-no-project. To opt-out of single project mode add/set the '"singleProjectMode": false' property in the firebase.json emulators config.
 {"metadata":{"emulator":{"name":"firestore"},"message":"Multiple projectIds are not recommended in single project mode. Requested project ID demo-scribe, but the emulator is configured for demo-no-project. To opt-out of single project mode add/set the '\"singleProjectMode\": false' property in the firebase.json emulators config.\n"}}
[debug] [2025-12-09T02:27:54.384Z] Dec 08, 2025 10:27:54 P.M. io.gapi.emulators.netty.HttpVersionRoutingHandler channelRead
INFO: Detected HTTP/2 connection.
 {"metadata":{"emulator":{"name":"firestore"},"message":"Dec 08, 2025 10:27:54 P.M. io.gapi.emulators.netty.HttpVersionRoutingHandler channelRead\nINFO: Detected HTTP/2 connection.\n"}}
[debug] [2025-12-09T02:27:54.394Z] Multiple projectIds are not recommended in single project mode. Requested project ID demo-scribe, but the emulator is configured for demo-no-project. To opt-out of single project mode add/set the '"singleProjectMode": false' property in the firebase.json emulators config.
 {"metadata":{"emulator":{"name":"firestore"},"message":"Multiple projectIds are not recommended in single project mode. Requested project ID demo-scribe, but the emulator is configured for demo-no-project. To opt-out of single project mode add/set the '\"singleProjectMode\": false' property in the firebase.json emulators config.\n"}}
[debug] [2025-12-09T02:27:54.395Z] Multiple projectIds are not recommended in single project mode. Requested project ID demo-scribe, but the emulator is configured for demo-no-project. To opt-out of single project mode add/set the '"singleProjectMode": false' property in the firebase.json emulators config.
 {"metadata":{"emulator":{"name":"firestore"},"message":"Multiple projectIds are not recommended in single project mode. Requested project ID demo-scribe, but the emulator is configured for demo-no-project. To opt-out of single project mode add/set the '\"singleProjectMode\": false' property in the firebase.json emulators config.\n"}}
[debug] [2025-12-09T02:27:54.491Z] Multiple projectIds are not recommended in single project mode. Requested project ID demo-scribe, but the emulator is configured for demo-no-project. To opt-out of single project mode add/set the '"singleProjectMode": false' property in the firebase.json emulators config.
 {"metadata":{"emulator":{"name":"firestore"},"message":"Multiple projectIds are not recommended in single project mode. Requested project ID demo-scribe, but the emulator is configured for demo-no-project. To opt-out of single project mode add/set the '\"singleProjectMode\": false' property in the firebase.json emulators config.\n"}}
[debug] [2025-12-09T02:28:00.825Z] Dec 08, 2025 10:28:00 P.M. io.gapi.emulators.netty.HttpVersionRoutingHandler channelRead
INFO: Detected HTTP/2 connection.
 {"metadata":{"emulator":{"name":"firestore"},"message":"Dec 08, 2025 10:28:00 P.M. io.gapi.emulators.netty.HttpVersionRoutingHandler channelRead\nINFO: Detected HTTP/2 connection.\n"}}
[debug] [2025-12-09T02:28:00.834Z] Multiple projectIds are not recommended in single project mode. Requested project ID demo-scribe, but the emulator is configured for demo-no-project. To opt-out of single project mode add/set the '"singleProjectMode": false' property in the firebase.json emulators config.
 {"metadata":{"emulator":{"name":"firestore"},"message":"Multiple projectIds are not recommended in single project mode. Requested project ID demo-scribe, but the emulator is configured for demo-no-project. To opt-out of single project mode add/set the '\"singleProjectMode\": false' property in the firebase.json emulators config.\n"}}
[debug] [2025-12-09T02:28:01.204Z] Multiple projectIds are not recommended in single project mode. Requested project ID demo-scribe, but the emulator is configured for demo-no-project. To opt-out of single project mode add/set the '"singleProjectMode": false' property in the firebase.json emulators config.
 {"metadata":{"emulator":{"name":"firestore"},"message":"Multiple projectIds are not recommended in single project mode. Requested project ID demo-scribe, but the emulator is configured for demo-no-project. To opt-out of single project mode add/set the '\"singleProjectMode\": false' property in the firebase.json emulators config.\n"}}
[debug] [2025-12-09T02:28:01.213Z] Multiple projectIds are not recommended in single project mode. Requested project ID demo-scribe, but the emulator is configured for demo-no-project. To opt-out of single project mode add/set the '"singleProjectMode": false' property in the firebase.json emulators config.
 {"metadata":{"emulator":{"name":"firestore"},"message":"Multiple projectIds are not recommended in single project mode. Requested project ID demo-scribe, but the emulator is configured for demo-no-project. To opt-out of single project mode add/set the '\"singleProjectMode\": false' property in the firebase.json emulators config.\n"}}
[debug] [2025-12-09T02:28:08.142Z] Dec 08, 2025 10:28:08 P.M. io.gapi.emulators.netty.HttpVersionRoutingHandler channelRead
INFO: Detected HTTP/2 connection.
 {"metadata":{"emulator":{"name":"firestore"},"message":"Dec 08, 2025 10:28:08 P.M. io.gapi.emulators.netty.HttpVersionRoutingHandler channelRead\nINFO: Detected HTTP/2 connection.\n"}}
[debug] [2025-12-09T02:28:08.146Z] Multiple projectIds are not recommended in single project mode. Requested project ID demo-scribe, but the emulator is configured for demo-no-project. To opt-out of single project mode add/set the '"singleProjectMode": false' property in the firebase.json emulators config.
 {"metadata":{"emulator":{"name":"firestore"},"message":"Multiple projectIds are not recommended in single project mode. Requested project ID demo-scribe, but the emulator is configured for demo-no-project. To opt-out of single project mode add/set the '\"singleProjectMode\": false' property in the firebase.json emulators config.\n"}}
[debug] [2025-12-09T02:28:08.619Z] Multiple projectIds are not recommended in single project mode. Requested project ID demo-scribe, but the emulator is configured for demo-no-project. To opt-out of single project mode add/set the '"singleProjectMode": false' property in the firebase.json emulators config.
 {"metadata":{"emulator":{"name":"firestore"},"message":"Multiple projectIds are not recommended in single project mode. Requested project ID demo-scribe, but the emulator is configured for demo-no-project. To opt-out of single project mode add/set the '\"singleProjectMode\": false' property in the firebase.json emulators config.\n"}}
[debug] [2025-12-09T02:28:08.627Z] Multiple projectIds are not recommended in single project mode. Requested project ID demo-scribe, but the emulator is configured for demo-no-project. To opt-out of single project mode add/set the '"singleProjectMode": false' property in the firebase.json emulators config.
 {"metadata":{"emulator":{"name":"firestore"},"message":"Multiple projectIds are not recommended in single project mode. Requested project ID demo-scribe, but the emulator is configured for demo-no-project. To opt-out of single project mode add/set the '\"singleProjectMode\": false' property in the firebase.json emulators config.\n"}}
[debug] [2025-12-09T02:28:26.788Z] Dec 08, 2025 10:28:26 P.M. io.gapi.emulators.netty.HttpVersionRoutingHandler channelRead
INFO: Detected HTTP/2 connection.
 {"metadata":{"emulator":{"name":"firestore"},"message":"Dec 08, 2025 10:28:26 P.M. io.gapi.emulators.netty.HttpVersionRoutingHandler channelRead\nINFO: Detected HTTP/2 connection.\n"}}
[debug] [2025-12-09T02:28:26.794Z] Multiple projectIds are not recommended in single project mode. Requested project ID demo-scribe, but the emulator is configured for demo-no-project. To opt-out of single project mode add/set the '"singleProjectMode": false' property in the firebase.json emulators config.
 {"metadata":{"emulator":{"name":"firestore"},"message":"Multiple projectIds are not recommended in single project mode. Requested project ID demo-scribe, but the emulator is configured for demo-no-project. To opt-out of single project mode add/set the '\"singleProjectMode\": false' property in the firebase.json emulators config.\n"}}
[debug] [2025-12-09T02:28:26.794Z] Multiple projectIds are not recommended in single project mode. Requested project ID demo-scribe, but the emulator is configured for demo-no-project. To opt-out of single project mode add/set the '"singleProjectMode": false' property in the firebase.json emulators config.
 {"metadata":{"emulator":{"name":"firestore"},"message":"Multiple projectIds are not recommended in single project mode. Requested project ID demo-scribe, but the emulator is configured for demo-no-project. To opt-out of single project mode add/set the '\"singleProjectMode\": false' property in the firebase.json emulators config.\n"}}
[debug] [2025-12-09T02:28:26.888Z] Multiple projectIds are not recommended in single project mode. Requested project ID demo-scribe, but the emulator is configured for demo-no-project. To opt-out of single project mode add/set the '"singleProjectMode": false' property in the firebase.json emulators config.
 {"metadata":{"emulator":{"name":"firestore"},"message":"Multiple projectIds are not recommended in single project mode. Requested project ID demo-scribe, but the emulator is configured for demo-no-project. To opt-out of single project mode add/set the '\"singleProjectMode\": false' property in the firebase.json emulators config.\n"}}
[debug] [2025-12-09T02:28:33.804Z] Dec 08, 2025 10:28:33 P.M. io.gapi.emulators.netty.HttpVersionRoutingHandler channelRead
INFO: Detected HTTP/2 connection.
 {"metadata":{"emulator":{"name":"firestore"},"message":"Dec 08, 2025 10:28:33 P.M. io.gapi.emulators.netty.HttpVersionRoutingHandler channelRead\nINFO: Detected HTTP/2 connection.\n"}}
[debug] [2025-12-09T02:28:33.809Z] Multiple projectIds are not recommended in single project mode. Requested project ID demo-scribe, but the emulator is configured for demo-no-project. To opt-out of single project mode add/set the '"singleProjectMode": false' property in the firebase.json emulators config.
 {"metadata":{"emulator":{"name":"firestore"},"message":"Multiple projectIds are not recommended in single project mode. Requested project ID demo-scribe, but the emulator is configured for demo-no-project. To opt-out of single project mode add/set the '\"singleProjectMode\": false' property in the firebase.json emulators config.\n"}}
[debug] [2025-12-09T02:28:33.809Z] Multiple projectIds are not recommended in single project mode. Requested project ID demo-scribe, but the emulator is configured for demo-no-project. To opt-out of single project mode add/set the '"singleProjectMode": false' property in the firebase.json emulators config.
 {"metadata":{"emulator":{"name":"firestore"},"message":"Multiple projectIds are not recommended in single project mode. Requested project ID demo-scribe, but the emulator is configured for demo-no-project. To opt-out of single project mode add/set the '\"singleProjectMode\": false' property in the firebase.json emulators config.\n"}}
[debug] [2025-12-09T02:28:33.898Z] Multiple projectIds are not recommended in single project mode. Requested project ID demo-scribe, but the emulator is configured for demo-no-project. To opt-out of single project mode add/set the '"singleProjectMode": false' property in the firebase.json emulators config.
 {"metadata":{"emulator":{"name":"firestore"},"message":"Multiple projectIds are not recommended in single project mode. Requested project ID demo-scribe, but the emulator is configured for demo-no-project. To opt-out of single project mode add/set the '\"singleProjectMode\": false' property in the firebase.json emulators config.\n"}}
[debug] [2025-12-09T02:28:39.607Z] Dec 08, 2025 10:28:39 P.M. io.gapi.emulators.netty.HttpVersionRoutingHandler channelRead
INFO: Detected HTTP/2 connection.
 {"metadata":{"emulator":{"name":"firestore"},"message":"Dec 08, 2025 10:28:39 P.M. io.gapi.emulators.netty.HttpVersionRoutingHandler channelRead\nINFO: Detected HTTP/2 connection.\n"}}
[debug] [2025-12-09T02:28:39.610Z] Multiple projectIds are not recommended in single project mode. Requested project ID demo-scribe, but the emulator is configured for demo-no-project. To opt-out of single project mode add/set the '"singleProjectMode": false' property in the firebase.json emulators config.
 {"metadata":{"emulator":{"name":"firestore"},"message":"Multiple projectIds are not recommended in single project mode. Requested project ID demo-scribe, but the emulator is configured for demo-no-project. To opt-out of single project mode add/set the '\"singleProjectMode\": false' property in the firebase.json emulators config.\n"}}
[debug] [2025-12-09T02:28:40.911Z] Dec 08, 2025 10:28:40 P.M. io.gapi.emulators.netty.HttpVersionRoutingHandler channelRead
INFO: Detected HTTP/2 connection.
 {"metadata":{"emulator":{"name":"firestore"},"message":"Dec 08, 2025 10:28:40 P.M. io.gapi.emulators.netty.HttpVersionRoutingHandler channelRead\nINFO: Detected HTTP/2 connection.\n"}}
[debug] [2025-12-09T02:28:40.915Z] Multiple projectIds are not recommended in single project mode. Requested project ID demo-scribe, but the emulator is configured for demo-no-project. To opt-out of single project mode add/set the '"singleProjectMode": false' property in the firebase.json emulators config.
 {"metadata":{"emulator":{"name":"firestore"},"message":"Multiple projectIds are not recommended in single project mode. Requested project ID demo-scribe, but the emulator is configured for demo-no-project. To opt-out of single project mode add/set the '\"singleProjectMode\": false' property in the firebase.json emulators config.\n"}}
[debug] [2025-12-09T02:28:45.513Z] Multiple projectIds are not recommended in single project mode. Requested project ID demo-scribe, but the emulator is configured for demo-no-project. To opt-out of single project mode add/set the '"singleProjectMode": false' property in the firebase.json emulators config.
 {"metadata":{"emulator":{"name":"firestore"},"message":"Multiple projectIds are not recommended in single project mode. Requested project ID demo-scribe, but the emulator is configured for demo-no-project. To opt-out of single project mode add/set the '\"singleProjectMode\": false' property in the firebase.json emulators config.\n"}}
[debug] [2025-12-09T02:28:45.523Z] Multiple projectIds are not recommended in single project mode. Requested project ID demo-scribe, but the emulator is configured for demo-no-project. To opt-out of single project mode add/set the '"singleProjectMode": false' property in the firebase.json emulators config.
 {"metadata":{"emulator":{"name":"firestore"},"message":"Multiple projectIds are not recommended in single project mode. Requested project ID demo-scribe, but the emulator is configured for demo-no-project. To opt-out of single project mode add/set the '\"singleProjectMode\": false' property in the firebase.json emulators config.\n"}}
[debug] [2025-12-09T02:29:02.349Z] Dec 08, 2025 10:29:02 P.M. io.gapi.emulators.netty.HttpVersionRoutingHandler channelRead
INFO: Detected HTTP/2 connection.
 {"metadata":{"emulator":{"name":"firestore"},"message":"Dec 08, 2025 10:29:02 P.M. io.gapi.emulators.netty.HttpVersionRoutingHandler channelRead\nINFO: Detected HTTP/2 connection.\n"}}
[debug] [2025-12-09T02:29:02.355Z] Multiple projectIds are not recommended in single project mode. Requested project ID demo-scribe, but the emulator is configured for demo-no-project. To opt-out of single project mode add/set the '"singleProjectMode": false' property in the firebase.json emulators config.
 {"metadata":{"emulator":{"name":"firestore"},"message":"Multiple projectIds are not recommended in single project mode. Requested project ID demo-scribe, but the emulator is configured for demo-no-project. To opt-out of single project mode add/set the '\"singleProjectMode\": false' property in the firebase.json emulators config.\n"}}
[debug] [2025-12-09T02:29:02.355Z] Multiple projectIds are not recommended in single project mode. Requested project ID demo-scribe, but the emulator is configured for demo-no-project. To opt-out of single project mode add/set the '"singleProjectMode": false' property in the firebase.json emulators config.
 {"metadata":{"emulator":{"name":"firestore"},"message":"Multiple projectIds are not recommended in single project mode. Requested project ID demo-scribe, but the emulator is configured for demo-no-project. To opt-out of single project mode add/set the '\"singleProjectMode\": false' property in the firebase.json emulators config.\n"}}
[debug] [2025-12-09T02:29:02.443Z] Multiple projectIds are not recommended in single project mode. Requested project ID demo-scribe, but the emulator is configured for demo-no-project. To opt-out of single project mode add/set the '"singleProjectMode": false' property in the firebase.json emulators config.
 {"metadata":{"emulator":{"name":"firestore"},"message":"Multiple projectIds are not recommended in single project mode. Requested project ID demo-scribe, but the emulator is configured for demo-no-project. To opt-out of single project mode add/set the '\"singleProjectMode\": false' property in the firebase.json emulators config.\n"}}
